"C:/Users/Oculus/Documents/Unreal Projects/SummerSchoolVR/SummerSchoolVR.uproject" 1
"../../../Engine/Plugins/Developer/BlankPlugin/BlankPlugin.uplugin" 2
"../../../Engine/Plugins/Developer/PerforceSourceControl/PerforceSourceControl.uplugin" 3
"../../../Engine/Plugins/Developer/SubversionSourceControl/SubversionSourceControl.uplugin" 4
"../../../Engine/Plugins/Developer/UObjectPlugin/UObjectPlugin.uplugin" 5
"../../../Engine/Plugins/Developer/VisualStudioSourceCodeAccess/VisualStudioSourceCodeAccess.uplugin" 6
"../../../Engine/Plugins/Developer/XCodeSourceCodeAccess/XCodeSourceCodeAccess.uplugin" 7
"../../../Engine/Plugins/Editor/EpicSurvey/EpicSurvey.uplugin" 8
"../../../Engine/Plugins/Editor/IntroTutorials/IntroTutorials.uplugin" 9
"../../../Engine/Plugins/Editor/PluginsEditor/PluginsEditor.uplugin" 10
"../../../Engine/Plugins/Experimental/BlueprintStats/BlueprintStats.uplugin" 11
"../../../Engine/Plugins/Experimental/CodeView/CodeView.uplugin" 12
"../../../Engine/Plugins/Experimental/LiveEditor/LiveEditor.uplugin" 13
"../../../Engine/Plugins/Experimental/MathExpressions/MathExpressions.uplugin" 14
"../../../Engine/Plugins/Experimental/Paper2D/Paper2D.uplugin" 15
"../../../Engine/Plugins/Experimental/Phya/Phya.uplugin" 16
"../../../Engine/Plugins/Messaging/MessagingDebugger/MessagingDebugger.uplugin" 17
"../../../Engine/Plugins/Messaging/UdpMessaging/UdpMessaging.uplugin" 18
"../../../Engine/Plugins/OculusRift/OculusRift.uplugin" 19
"../../../Engine/Plugins/Runtime/Advertising/IOSTapJoy/IOSTapJoy.uplugin" 20
"../../../Engine/Plugins/Runtime/AndroidDeviceProfileSelector/AndroidDeviceProfileSelector.uplugin" 21
"../../../Engine/Plugins/Runtime/AppleMoviePlayer/AppleMoviePlayer.uplugin" 22
"../../../Engine/Plugins/Runtime/CableComponent/CableComponent.uplugin" 23
"../../../Engine/Plugins/Runtime/CustomMeshComponent/CustomMeshComponent.uplugin" 24
"../../../Engine/Plugins/Runtime/ExampleDeviceProfileSelector/ExampleDeviceProfileSelector.uplugin" 25
"../../../Engine/Plugins/Runtime/IOSDeviceProfileSelector/IOSDeviceProfileSelector.uplugin" 26
"../../../Engine/Plugins/Runtime/LiveEditorListenServer/LiveEditorListenServer.uplugin" 27
"../../../Engine/Plugins/Runtime/SoundVisualizations/SoundVisualizations.uplugin" 28
"../../../Engine/Plugins/Runtime/WindowsDeviceProfileSelector/WindowsDeviceProfileSelector.uplugin" 29
"../../../Engine/Plugins/Runtime/WindowsMoviePlayer/WindowsMoviePlayer.uplugin" 30
"../../../Engine/Plugins/Script/ScriptEditorPlugin/ScriptEditorPlugin.uplugin" 31
"../../../Engine/Plugins/Script/ScriptGeneratorPlugin/ScriptGeneratorPlugin.uplugin" 32
"../../../Engine/Plugins/Script/ScriptPlugin/ScriptPlugin.uplugin" 33
"../../../Engine/Plugins/Slate/SlateRemote/SlateRemote.uplugin" 34
"../../../Engine/Config/Base.ini" 35
"../../../Engine/Config/BaseEngine.ini" 36
"../../../../../../Users/Oculus/Documents/Unreal Projects/SummerSchoolVR/Config/DefaultEngine.ini" 37
"../../../Engine/Config/Windows/WindowsEngine.ini" 38
"C:/Users/Oculus/Documents/Unreal Projects/SummerSchoolVR/Saved/Config/Windows/Engine.ini" 39
"../../../../../../Users/Oculus/Documents/Unreal Projects/SummerSchoolVR/Saved/Config/CleanSourceConfigs/Engine.ini" 40
"../../../Engine/Config/BaseGame.ini" 41
"../../../../../../Users/Oculus/Documents/Unreal Projects/SummerSchoolVR/Config/DefaultGame.ini" 42
"C:/Users/Oculus/Documents/Unreal Projects/SummerSchoolVR/Saved/Config/Windows/Game.ini" 43
"../../../../../../Users/Oculus/Documents/Unreal Projects/SummerSchoolVR/Saved/Config/CleanSourceConfigs/Game.ini" 44
"../../../Engine/Config/BaseInput.ini" 45
"../../../../../../Users/Oculus/Documents/Unreal Projects/SummerSchoolVR/Config/DefaultInput.ini" 46
"C:/Users/Oculus/Documents/Unreal Projects/SummerSchoolVR/Saved/Config/Windows/Input.ini" 47
"../../../../../../Users/Oculus/Documents/Unreal Projects/SummerSchoolVR/Saved/Config/CleanSourceConfigs/Input.ini" 48
"../../../Engine/Config/BaseEditor.ini" 49
"../../../../../../Users/Oculus/Documents/Unreal Projects/SummerSchoolVR/Config/DefaultEditor.ini" 50
"C:/Users/Oculus/Documents/Unreal Projects/SummerSchoolVR/Saved/Config/Windows/Editor.ini" 51
"../../../../../../Users/Oculus/Documents/Unreal Projects/SummerSchoolVR/Saved/Config/CleanSourceConfigs/Editor.ini" 52
"../../../Engine/Config/BaseEditorUserSettings.ini" 53
"C:/Users/Oculus/Documents/Unreal Projects/SummerSchoolVR/Saved/Config/Windows/EditorUserSettings.ini" 54
"../../../../../../Users/Oculus/Documents/Unreal Projects/SummerSchoolVR/Saved/Config/CleanSourceConfigs/EditorUserSettings.ini" 55
"../../../Engine/Config/BaseEditorKeyBindings.ini" 56
"C:/Users/Oculus/Documents/Unreal Projects/SummerSchoolVR/Saved/Config/Windows/EditorKeyBindings.ini" 57
"../../../../../../Users/Oculus/Documents/Unreal Projects/SummerSchoolVR/Saved/Config/CleanSourceConfigs/EditorKeyBindings.ini" 58
"../../../Engine/Config/BaseCompat.ini" 59
"C:/Users/Oculus/Documents/Unreal Projects/SummerSchoolVR/Saved/Config/Windows/Compat.ini" 60
"../../../../../../Users/Oculus/Documents/Unreal Projects/SummerSchoolVR/Saved/Config/CleanSourceConfigs/Compat.ini" 61
"../../../Engine/Config/BaseLightmass.ini" 62
"C:/Users/Oculus/Documents/Unreal Projects/SummerSchoolVR/Saved/Config/Windows/Lightmass.ini" 63
"../../../../../../Users/Oculus/Documents/Unreal Projects/SummerSchoolVR/Saved/Config/CleanSourceConfigs/Lightmass.ini" 64
"../../../Engine/Config/BaseScalability.ini" 65
"C:/Users/Oculus/Documents/Unreal Projects/SummerSchoolVR/Saved/Config/Windows/Scalability.ini" 66
"../../../../../../Users/Oculus/Documents/Unreal Projects/SummerSchoolVR/Saved/Config/CleanSourceConfigs/Scalability.ini" 67
"C:/Users/Oculus/Documents/Unreal Projects/SummerSchoolVR/Saved/Config/Windows/GameUserSettings.ini" 68
"../../../../../../Users/Oculus/Documents/Unreal Projects/SummerSchoolVR/Saved/Config/CleanSourceConfigs/GameUserSettings.ini" 69
"../../../Engine/Config/BaseDeviceProfiles.ini" 70
"C:/Users/Oculus/Documents/Unreal Projects/SummerSchoolVR/Saved/Config/Windows/DeviceProfiles.ini" 71
"../../../../../../Users/Oculus/Documents/Unreal Projects/SummerSchoolVR/Saved/Config/CleanSourceConfigs/DeviceProfiles.ini" 72
"../../../Engine/Config/ConsoleVariables.ini" 73
"C:/Program Files/Unreal Engine/4.2/Engine/Content/Localization/Engine/en/Engine.locres" 74
"C:/Program Files/Unreal Engine/4.2/Engine/Content/Localization/Editor/en/Editor.locres" 75
"C:/Program Files/Unreal Engine/4.2/Engine/Binaries/Win64/../../../Engine/Shaders/ParticleSpriteVertexFactory.usf" 76
"C:/Program Files/Unreal Engine/4.2/Engine/Binaries/Win64/../../../Engine/Shaders/VertexFactoryCommon.usf" 77
"C:/Program Files/Unreal Engine/4.2/Engine/Binaries/Win64/../../../Engine/Shaders/ParticleVertexFactoryCommon.usf" 78
"C:/Program Files/Unreal Engine/4.2/Engine/Binaries/Win64/../../../Engine/Shaders/ParticleGPUSpriteVertexFactory.usf" 79
"C:/Program Files/Unreal Engine/4.2/Engine/Binaries/Win64/../../../Engine/Shaders/ParticleBeamTrailVertexFactory.usf" 80
"C:/Program Files/Unreal Engine/4.2/Engine/Binaries/Win64/../../../Engine/Shaders/LocalVertexFactory.usf" 81
"C:/Program Files/Unreal Engine/4.2/Engine/Binaries/Win64/../../../Engine/Shaders/LocalVertexFactoryCommon.usf" 82
"C:/Program Files/Unreal Engine/4.2/Engine/Binaries/Win64/../../../Engine/Shaders/LandscapeVertexFactory.usf" 83
"C:/Program Files/Unreal Engine/4.2/Engine/Binaries/Win64/../../../Engine/Shaders/VectorFieldVisualizationVertexFactory.usf" 84
"C:/Program Files/Unreal Engine/4.2/Engine/Binaries/Win64/../../../Engine/Shaders/MeshParticleVertexFactory.usf" 85
"C:/Program Files/Unreal Engine/4.2/Engine/Binaries/Win64/../../../Engine/Shaders/GpuSkinVertexFactory.usf" 86
"C:/Program Files/Unreal Engine/4.2/Engine/Binaries/Win64/../../../Engine/Shaders/GpuSkinCacheCommon.usf" 87
"C:/Program Files/Unreal Engine/4.2/Engine/Binaries/Win64/../../../Engine/Shaders/OneColorShader.usf" 88
"C:/Program Files/Unreal Engine/4.2/Engine/Binaries/Win64/../../../Engine/Shaders/Common.usf" 89
"C:/Program Files/Unreal Engine/4.2/Engine/Binaries/Win64/../../../Engine/Shaders/ShaderVersion.usf" 90
"C:/Program Files/Unreal Engine/4.2/Engine/Binaries/Win64/../../../Engine/Shaders/Definitions.usf" 91
"C:/Program Files/Unreal Engine/4.2/Engine/Binaries/Win64/../../../Engine/Shaders/Random.usf" 92
"C:/Program Files/Unreal Engine/4.2/Engine/Binaries/Win64/../../../Engine/Shaders/ResolveVertexShader.usf" 93
"C:/Program Files/Unreal Engine/4.2/Engine/Binaries/Win64/../../../Engine/Shaders/ResolvePixelShader.usf" 94
"C:/Program Files/Unreal Engine/4.2/Engine/Binaries/Win64/../../../Engine/Shaders/SlateElementPixelShader.usf" 95
"C:/Program Files/Unreal Engine/4.2/Engine/Binaries/Win64/../../../Engine/Shaders/SlateVertexShader.usf" 96
"C:/Program Files/Unreal Engine/4.2/Engine/Binaries/Win64/../../../Engine/Shaders/VisualizeTexture.usf" 97
"C:/Program Files/Unreal Engine/4.2/Engine/Binaries/Win64/../../../Engine/Shaders/PostProcessCommon.usf" 98
"C:/Program Files/Unreal Engine/4.2/Engine/Binaries/Win64/../../../Engine/Shaders/ScreenSpaceReflections.usf" 99
"C:/Program Files/Unreal Engine/4.2/Engine/Binaries/Win64/../../../Engine/Shaders/DeferredShadingCommon.usf" 100
"C:/Program Files/Unreal Engine/4.2/Engine/Binaries/Win64/../../../Engine/Shaders/BRDF.usf" 101
"C:/Program Files/Unreal Engine/4.2/Engine/Binaries/Win64/../../../Engine/Shaders/MonteCarlo.usf" 102
"C:/Program Files/Unreal Engine/4.2/Engine/Binaries/Win64/../../../Engine/Shaders/FilterVertexShader.usf" 103
"C:/Program Files/Unreal Engine/4.2/Engine/Binaries/Win64/../../../Engine/Shaders/FilterPixelShader.usf" 104
"C:/Program Files/Unreal Engine/4.2/Engine/Binaries/Win64/../../../Engine/Shaders/PostProcessVisualizeHDR.usf" 105
"C:/Program Files/Unreal Engine/4.2/Engine/Binaries/Win64/../../../Engine/Shaders/PostProcessHistogramCommon.usf" 106
"C:/Program Files/Unreal Engine/4.2/Engine/Binaries/Win64/../../../Engine/Shaders/TonemapCommon.usf" 107
"C:/Program Files/Unreal Engine/4.2/Engine/Binaries/Win64/../../../Engine/Shaders/PostProcessVisualizeBuffer.usf" 108
"C:/Program Files/Unreal Engine/4.2/Engine/Binaries/Win64/../../../Engine/Shaders/PostProcessUpscale.usf" 109
"C:/Program Files/Unreal Engine/4.2/Engine/Binaries/Win64/../../../Engine/Shaders/PostProcessUIBlur.usf" 110
"C:/Program Files/Unreal Engine/4.2/Engine/Binaries/Win64/../../../Engine/Shaders/PostProcessTonemap.usf" 111
"C:/Program Files/Unreal Engine/4.2/Engine/Binaries/Win64/../../../Engine/Shaders/PostProcessTestImage.usf" 112
"C:/Program Files/Unreal Engine/4.2/Engine/Binaries/Win64/../../../Engine/Shaders/PostProcessTemporalAA.usf" 113
"C:/Program Files/Unreal Engine/4.2/Engine/Binaries/Win64/../../../Engine/Shaders/PostProcessTemporalCommon.usf" 114
"C:/Program Files/Unreal Engine/4.2/Engine/Binaries/Win64/../../../Engine/Shaders/PostProcessSubsurface.usf" 115
"C:/Program Files/Unreal Engine/4.2/Engine/Binaries/Win64/../../../Engine/Shaders/PostProcessSelectionOutline.usf" 116
"C:/Program Files/Unreal Engine/4.2/Engine/Binaries/Win64/../../../Engine/Shaders/PostProcessSceneColorFringe.usf" 117
"C:/Program Files/Unreal Engine/4.2/Engine/Binaries/Win64/../../../Engine/Shaders/PostProcessNoiseBlur.usf" 118
"C:/Program Files/Unreal Engine/4.2/Engine/Binaries/Win64/../../../Engine/Shaders/PostProcessMotionBlur.usf" 119
"C:/Program Files/Unreal Engine/4.2/Engine/Binaries/Win64/../../../Engine/Shaders/MorpheusInclude.usf" 120
"C:/Program Files/Unreal Engine/4.2/Engine/Binaries/Win64/../../../Engine/Shaders/PostProcessMobile.usf" 121
"C:/Program Files/Unreal Engine/4.2/Engine/Binaries/Win64/../../../Engine/Shaders/PostProcessMaterialShaders.usf" 122
"C:/Program Files/Unreal Engine/4.2/Engine/Binaries/Win64/../../../Engine/Shaders/MaterialTemplate.usf" 123
"C:/Program Files/Unreal Engine/4.2/Engine/Binaries/Win64/../../../Engine/Shaders/DepthOfFieldCommon.usf" 124
"C:/Program Files/Unreal Engine/4.2/Engine/Binaries/Win64/../../../Engine/Shaders/SpeedTreeCommon.usf" 125
"C:/Program Files/Unreal Engine/4.2/Engine/Binaries/Win64/../../../Engine/Shaders/AtmosphereCommon.usf" 126
"C:/Program Files/Unreal Engine/4.2/Engine/Binaries/Win64/../../../Engine/Shaders/PostProcessLensFlares.usf" 127
"C:/Program Files/Unreal Engine/4.2/Engine/Binaries/Win64/../../../Engine/Shaders/PostProcessLensBlur.usf" 128
"C:/Program Files/Unreal Engine/4.2/Engine/Binaries/Win64/../../../Engine/Shaders/PostProcessBloom.usf" 129
"C:/Program Files/Unreal Engine/4.2/Engine/Binaries/Win64/../../../Engine/Shaders/SolidColorPixelShader.usf" 130
"C:/Program Files/Unreal Engine/4.2/Engine/Binaries/Win64/../../../Engine/Shaders/PostProcessHMD.usf" 131
"C:/Program Files/Unreal Engine/4.2/Engine/Binaries/Win64/../../../Engine/Shaders/PostProcessHistogramReduce.usf" 132
"C:/Program Files/Unreal Engine/4.2/Engine/Binaries/Win64/../../../Engine/Shaders/PostProcessHistogram.usf" 133
"C:/Program Files/Unreal Engine/4.2/Engine/Binaries/Win64/../../../Engine/Shaders/PostProcessGBufferHints.usf" 134
"C:/Program Files/Unreal Engine/4.2/Engine/Binaries/Win64/../../../Engine/Shaders/PostProcessEyeAdaptation.usf" 135
"C:/Program Files/Unreal Engine/4.2/Engine/Binaries/Win64/../../../Engine/Shaders/PostProcessDownsample.usf" 136
"C:/Program Files/Unreal Engine/4.2/Engine/Binaries/Win64/../../../Engine/Shaders/PostProcessDOF.usf" 137
"C:/Program Files/Unreal Engine/4.2/Engine/Binaries/Win64/../../../Engine/Shaders/PostProcessCompositeEditorPrimitives.usf" 138
"C:/Program Files/Unreal Engine/4.2/Engine/Binaries/Win64/../../../Engine/Shaders/PostProcessCombineLUTs.usf" 139
"C:/Program Files/Unreal Engine/4.2/Engine/Binaries/Win64/../../../Engine/Shaders/PostProcessBusyWait.usf" 140
"C:/Program Files/Unreal Engine/4.2/Engine/Binaries/Win64/../../../Engine/Shaders/PostProcessBokehDOF.usf" 141
"C:/Program Files/Unreal Engine/4.2/Engine/Binaries/Win64/../../../Engine/Shaders/FXAAShader.usf" 142
"C:/Program Files/Unreal Engine/4.2/Engine/Binaries/Win64/../../../Engine/Shaders/Fxaa3_11.usf" 143
"C:/Program Files/Unreal Engine/4.2/Engine/Binaries/Win64/../../../Engine/Shaders/PostProcessPassThrough.usf" 144
"C:/Program Files/Unreal Engine/4.2/Engine/Binaries/Win64/../../../Engine/Shaders/PostProcessLpvIndirect.usf" 145
"C:/Program Files/Unreal Engine/4.2/Engine/Binaries/Win64/../../../Engine/Shaders/DeferredLightingCommon.usf" 146
"C:/Program Files/Unreal Engine/4.2/Engine/Binaries/Win64/../../../Engine/Shaders/DynamicLightingCommon.usf" 147
"C:/Program Files/Unreal Engine/4.2/Engine/Binaries/Win64/../../../Engine/Shaders/IESLightProfilesCommon.usf" 148
"C:/Program Files/Unreal Engine/4.2/Engine/Binaries/Win64/../../../Engine/Shaders/LPVFinalPass.usf" 149
"C:/Program Files/Unreal Engine/4.2/Engine/Binaries/Win64/../../../Engine/Shaders/LPVCommon.usf" 150
"C:/Program Files/Unreal Engine/4.2/Engine/Binaries/Win64/../../../Engine/Shaders/DeferredDecal.usf" 151
"C:/Program Files/Unreal Engine/4.2/Engine/Binaries/Win64/../../../Engine/Shaders/PostProcessAmbientOcclusion.usf" 152
"C:/Program Files/Unreal Engine/4.2/Engine/Binaries/Win64/../../../Engine/Shaders/PostProcessAmbient.usf" 153
"C:/Program Files/Unreal Engine/4.2/Engine/Binaries/Win64/../../../Engine/Shaders/CubemapCommon.usf" 154
"C:/Program Files/Unreal Engine/4.2/Engine/Binaries/Win64/../../../Engine/Shaders/VelocityShader.usf" 155
"C:/Program Files/Unreal Engine/4.2/Engine/Binaries/Win64/../../../Engine/Shaders/Tessellation.usf" 156
"C:/Program Files/Unreal Engine/4.2/Engine/Binaries/Win64/../../../Engine/Shaders/FlatTessellation.usf" 157
"C:/Program Files/Unreal Engine/4.2/Engine/Binaries/Win64/../../../Engine/Shaders/PNTriangles.usf" 158
"C:/Program Files/Unreal Engine/4.2/Engine/Binaries/Win64/../../../Engine/Shaders/TranslucentLightingShaders.usf" 159
"C:/Program Files/Unreal Engine/4.2/Engine/Binaries/Win64/../../../Engine/Shaders/SHCommon.usf" 160
"C:/Program Files/Unreal Engine/4.2/Engine/Binaries/Win64/../../../Engine/Shaders/ShadowProjectionCommon.usf" 161
"C:/Program Files/Unreal Engine/4.2/Engine/Binaries/Win64/../../../Engine/Shaders/TranslucentLightInjectionShaders.usf" 162
"C:/Program Files/Unreal Engine/4.2/Engine/Binaries/Win64/../../../Engine/Shaders/LightFunctionCommon.usf" 163
"C:/Program Files/Unreal Engine/4.2/Engine/Binaries/Win64/../../../Engine/Shaders/TranslucentShadowDepthShaders.usf" 164
"C:/Program Files/Unreal Engine/4.2/Engine/Binaries/Win64/../../../Engine/Shaders/ShadowDepthCommon.usf" 165
"C:/Program Files/Unreal Engine/4.2/Engine/Binaries/Win64/../../../Engine/Shaders/TiledDeferredLightShaders.usf" 166
"C:/Program Files/Unreal Engine/4.2/Engine/Binaries/Win64/../../../Engine/Shaders/ShadowProjectionPixelShader.usf" 167
"C:/Program Files/Unreal Engine/4.2/Engine/Binaries/Win64/../../../Engine/Shaders/ShadowProjectionVertexShader.usf" 168
"C:/Program Files/Unreal Engine/4.2/Engine/Binaries/Win64/../../../Engine/Shaders/ShadowDepthPixelShader.usf" 169
"C:/Program Files/Unreal Engine/4.2/Engine/Binaries/Win64/../../../Engine/Shaders/LPVWriteVplCommon.usf" 170
"C:/Program Files/Unreal Engine/4.2/Engine/Binaries/Win64/../../../Engine/Shaders/LPVWriteCommon.usf" 171
"C:/Program Files/Unreal Engine/4.2/Engine/Binaries/Win64/../../../Engine/Shaders/ShadowDepthVertexShader.usf" 172
"C:/Program Files/Unreal Engine/4.2/Engine/Binaries/Win64/../../../Engine/Shaders/ShaderComplexityApplyPixelShader.usf" 173
"C:/Program Files/Unreal Engine/4.2/Engine/Binaries/Win64/../../../Engine/Shaders/ShaderComplexityApplyVertexShader.usf" 174
"C:/Program Files/Unreal Engine/4.2/Engine/Binaries/Win64/../../../Engine/Shaders/ShaderComplexityAccumulatePixelShader.usf" 175
"C:/Program Files/Unreal Engine/4.2/Engine/Binaries/Win64/../../../Engine/Shaders/GammaCorrection.usf" 176
"C:/Program Files/Unreal Engine/4.2/Engine/Binaries/Win64/../../../Engine/Shaders/HZBOcclusion.usf" 177
"C:/Program Files/Unreal Engine/4.2/Engine/Binaries/Win64/../../../Engine/Shaders/OcclusionQueryVertexShader.usf" 178
"C:/Program Files/Unreal Engine/4.2/Engine/Binaries/Win64/../../../Engine/Shaders/HitProxyPixelShader.usf" 179
"C:/Program Files/Unreal Engine/4.2/Engine/Binaries/Win64/../../../Engine/Shaders/HitProxyVertexShader.usf" 180
"C:/Program Files/Unreal Engine/4.2/Engine/Binaries/Win64/../../../Engine/Shaders/ReflectionEnvironmentShaders.usf" 181
"C:/Program Files/Unreal Engine/4.2/Engine/Binaries/Win64/../../../Engine/Shaders/ReflectionEnvironmentShared.usf" 182
"C:/Program Files/Unreal Engine/4.2/Engine/Binaries/Win64/../../../Engine/Shaders/ReflectionEnvironmentComputeShaders.usf" 183
"C:/Program Files/Unreal Engine/4.2/Engine/Binaries/Win64/../../../Engine/Shaders/LightShaftShader.usf" 184
"C:/Program Files/Unreal Engine/4.2/Engine/Binaries/Win64/../../../Engine/Shaders/StationaryLightOverlapShaders.usf" 185
"C:/Program Files/Unreal Engine/4.2/Engine/Binaries/Win64/../../../Engine/Shaders/DeferredLightPixelShaders.usf" 186
"C:/Program Files/Unreal Engine/4.2/Engine/Binaries/Win64/../../../Engine/Shaders/DeferredLightVertexShaders.usf" 187
"C:/Program Files/Unreal Engine/4.2/Engine/Binaries/Win64/../../../Engine/Shaders/LPVVisualise.usf" 188
"C:/Program Files/Unreal Engine/4.2/Engine/Binaries/Win64/../../../Engine/Shaders/LPVGeometryVolumeCommon.usf" 189
"C:/Program Files/Unreal Engine/4.2/Engine/Binaries/Win64/../../../Engine/Shaders/LPVDirectLightInject.usf" 190
"C:/Program Files/Unreal Engine/4.2/Engine/Binaries/Win64/../../../Engine/Shaders/LPVPropagate.usf" 191
"C:/Program Files/Unreal Engine/4.2/Engine/Binaries/Win64/../../../Engine/Shaders/LPVBuildGeometryVolume.usf" 192
"C:/Program Files/Unreal Engine/4.2/Engine/Binaries/Win64/../../../Engine/Shaders/LPVInject_AccumulateVplLists.usf" 193
"C:/Program Files/Unreal Engine/4.2/Engine/Binaries/Win64/../../../Engine/Shaders/LPVInject_GenerateVplLists.usf" 194
"C:/Program Files/Unreal Engine/4.2/Engine/Binaries/Win64/../../../Engine/Shaders/LPVClearLists.usf" 195
"C:/Program Files/Unreal Engine/4.2/Engine/Binaries/Win64/../../../Engine/Shaders/LPVClear.usf" 196
"C:/Program Files/Unreal Engine/4.2/Engine/Binaries/Win64/../../../Engine/Shaders/LightMapDensityShader.usf" 197
"C:/Program Files/Unreal Engine/4.2/Engine/Binaries/Win64/../../../Engine/Shaders/LightFunctionPixelShader.usf" 198
"C:/Program Files/Unreal Engine/4.2/Engine/Binaries/Win64/../../../Engine/Shaders/LightFunctionVertexShader.usf" 199
"C:/Program Files/Unreal Engine/4.2/Engine/Binaries/Win64/../../../Engine/Shaders/GPUBenchmark.usf" 200
"C:/Program Files/Unreal Engine/4.2/Engine/Binaries/Win64/../../../Engine/Shaders/BasePassForForwardShadingPixelShader.usf" 201
"C:/Program Files/Unreal Engine/4.2/Engine/Binaries/Win64/../../../Engine/Shaders/BasePassForForwardShadingCommon.usf" 202
"C:/Program Files/Unreal Engine/4.2/Engine/Binaries/Win64/../../../Engine/Shaders/LightmapCommon.usf" 203
"C:/Program Files/Unreal Engine/4.2/Engine/Binaries/Win64/../../../Engine/Shaders/BasePassForForwardShadingVertexShader.usf" 204
"C:/Program Files/Unreal Engine/4.2/Engine/Binaries/Win64/../../../Engine/Shaders/HeightFogCommon.usf" 205
"C:/Program Files/Unreal Engine/4.2/Engine/Binaries/Win64/../../../Engine/Shaders/HeightFogPixelShader.usf" 206
"C:/Program Files/Unreal Engine/4.2/Engine/Binaries/Win64/../../../Engine/Shaders/HeightFogVertexShader.usf" 207
"C:/Program Files/Unreal Engine/4.2/Engine/Binaries/Win64/../../../Engine/Shaders/DistortAccumulatePS.usf" 208
"C:/Program Files/Unreal Engine/4.2/Engine/Binaries/Win64/../../../Engine/Shaders/DistortAccumulateVS.usf" 209
"C:/Program Files/Unreal Engine/4.2/Engine/Binaries/Win64/../../../Engine/Shaders/DistortApplyScreenPS.usf" 210
"C:/Program Files/Unreal Engine/4.2/Engine/Binaries/Win64/../../../Engine/Shaders/DepthOnlyPixelShader.usf" 211
"C:/Program Files/Unreal Engine/4.2/Engine/Binaries/Win64/../../../Engine/Shaders/DepthOnlyVertexShader.usf" 212
"C:/Program Files/Unreal Engine/4.2/Engine/Binaries/Win64/../../../Engine/Shaders/PositionOnlyDepthVertexShader.usf" 213
"C:/Program Files/Unreal Engine/4.2/Engine/Binaries/Win64/../../../Engine/Shaders/DownsampleDepthPixelShader.usf" 214
"C:/Program Files/Unreal Engine/4.2/Engine/Binaries/Win64/../../../Engine/Shaders/BasePassPixelShader.usf" 215
"C:/Program Files/Unreal Engine/4.2/Engine/Binaries/Win64/../../../Engine/Shaders/BasePassCommon.usf" 216
"C:/Program Files/Unreal Engine/4.2/Engine/Binaries/Win64/../../../Engine/Shaders/BasePassVertexShader.usf" 217
"C:/Program Files/Unreal Engine/4.2/Engine/Binaries/Win64/../../../Engine/Shaders/BasePassVertexCommon.usf" 218
"C:/Program Files/Unreal Engine/4.2/Engine/Binaries/Win64/../../../Engine/Shaders/BasePassTessellationShaders.usf" 219
"C:/Program Files/Unreal Engine/4.2/Engine/Binaries/Win64/../../../Engine/Shaders/AtmospherePrecompute.usf" 220
"C:/Program Files/Unreal Engine/4.2/Engine/Binaries/Win64/../../../Engine/Shaders/AtmospherePrecomputeCommon.usf" 221
"C:/Program Files/Unreal Engine/4.2/Engine/Binaries/Win64/../../../Engine/Shaders/AtmospherePrecomputeInscatter.usf" 222
"C:/Program Files/Unreal Engine/4.2/Engine/Binaries/Win64/../../../Engine/Shaders/AtmosphericFogShader.usf" 223
"C:/Program Files/Unreal Engine/4.2/Engine/Binaries/Win64/../../../Engine/Shaders/ParticleSortKeyGen.usf" 224
"C:/Program Files/Unreal Engine/4.2/Engine/Binaries/Win64/../../../Engine/Shaders/ParticleBoundsShader.usf" 225
"C:/Program Files/Unreal Engine/4.2/Engine/Binaries/Win64/../../../Engine/Shaders/ParticleSimVisualizeShader.usf" 226
"C:/Program Files/Unreal Engine/4.2/Engine/Binaries/Win64/../../../Engine/Shaders/ParticleInjectionShader.usf" 227
"C:/Program Files/Unreal Engine/4.2/Engine/Binaries/Win64/../../../Engine/Shaders/ParticleSimulationShader.usf" 228
"C:/Program Files/Unreal Engine/4.2/Engine/Binaries/Win64/../../../Engine/Shaders/ParticleCurveInjectionShader.usf" 229
"C:/Program Files/Unreal Engine/4.2/Engine/Binaries/Win64/../../../Engine/Shaders/VectorFieldCompositeShaders.usf" 230
"C:/Program Files/Unreal Engine/4.2/Engine/Binaries/Win64/../../../Engine/Shaders/UpdateTextureShaders.usf" 231
"C:/Program Files/Unreal Engine/4.2/Engine/Binaries/Win64/../../../Engine/Shaders/SimpleElementColorChannelMaskPixelShader.usf" 232
"C:/Program Files/Unreal Engine/4.2/Engine/Binaries/Win64/../../../Engine/Shaders/SimpleElementHitProxyPixelShader.usf" 233
"C:/Program Files/Unreal Engine/4.2/Engine/Binaries/Win64/../../../Engine/Shaders/SimpleElementPixelShader.usf" 234
"C:/Program Files/Unreal Engine/4.2/Engine/Binaries/Win64/../../../Engine/Shaders/ColorUtils.usf" 235
"C:/Program Files/Unreal Engine/4.2/Engine/Binaries/Win64/../../../Engine/Shaders/SimpleElementVertexShader.usf" 236
"C:/Program Files/Unreal Engine/4.2/Engine/Binaries/Win64/../../../Engine/Shaders/ScreenVertexShader.usf" 237
"C:/Program Files/Unreal Engine/4.2/Engine/Binaries/Win64/../../../Engine/Shaders/ScreenPixelShader.usf" 238
"C:/Program Files/Unreal Engine/4.2/Engine/Binaries/Win64/../../../Engine/Shaders/RadixSortShaders.usf" 239
"C:/Program Files/Unreal Engine/4.2/Engine/Binaries/Win64/../../../Engine/Shaders/GpuSkinCacheComputeShader.usf" 240
"C:/Program Files/Unreal Engine/4.2/Engine/Binaries/Win64/../../../Engine/Shaders/NullPixelShader.usf" 241
"C:/Program Files/Unreal Engine/4.2/Engine/Binaries/Win64/../../../Engine/Shaders/ClearReplacementShaders.usf" 242
"C:/Program Files/Unreal Engine/4.2/Engine/Binaries/Win64/../../../Engine/Shaders/SimpleElementTexture2DPreviewPixelShader.usf" 243
"C:/Program Files/Unreal Engine/4.2/Engine/Binaries/Win64/../../../Engine/Shaders/SimpleElementNormalMapPixelShader.usf" 244
"C:/Program Files/Unreal Engine/4.2/Engine/Binaries/Win64/../../../Engine/Shaders/MeshPaintDilatePixelShader.usf" 245
"C:/Program Files/Unreal Engine/4.2/Engine/Binaries/Win64/../../../Engine/Shaders/MeshPaintDilateVertexShader.usf" 246
"C:/Program Files/Unreal Engine/4.2/Engine/Binaries/Win64/../../../Engine/Shaders/MeshPaintPixelShader.usf" 247
"C:/Program Files/Unreal Engine/4.2/Engine/Binaries/Win64/../../../Engine/Shaders/MeshPaintVertexShader.usf" 248
"../../../Engine/Config/Android/AndroidEngine.ini" 249
